<?xml version="1.0" encoding="UTF-8"?>
<testsuite name="com.adminsec.jssecrethunter.RulePackManagerTest" tests="2" skipped="0" failures="0" errors="0" timestamp="2026-07-13T23:02:41" hostname="parrot" time="0.042">
  <properties/>
  <testcase name="rejectsDuplicateIdsAndUnsupportedRegex()" classname="com.adminsec.jssecrethunter.RulePackManagerTest" time="0.018"/>
  <testcase name="loadsBundledVersionedRules()" classname="com.adminsec.jssecrethunter.RulePackManagerTest" time="0.022"/>
  <system-out><![CDATA[]]></system-out>
  <system-err><![CDATA[]]></system-err>
</testsuite>
