<?xml version="1.0" encoding="UTF-8"?>
<testsuite name="com.adminsec.jssecrethunter.AssetDiscoveryTest" tests="3" skipped="0" failures="0" errors="0" timestamp="2026-07-13T23:02:38" hostname="parrot" time="0.192">
  <properties/>
  <testcase name="discoversImportsChunksAndSourceMaps()" classname="com.adminsec.jssecrethunter.AssetDiscoveryTest" time="0.048"/>
  <testcase name="rejectsNonHttpSchemesAndStripsFragments()" classname="com.adminsec.jssecrethunter.AssetDiscoveryTest" time="0.006"/>
  <testcase name="discoversHtmlScriptsAndModulePreloads()" classname="com.adminsec.jssecrethunter.AssetDiscoveryTest" time="0.127"/>
  <system-out><![CDATA[]]></system-out>
  <system-err><![CDATA[]]></system-err>
</testsuite>
