<?xml version="1.0" encoding="UTF-8"?>
<testsuite name="com.adminsec.jssecrethunter.ScannerSafetyTest" tests="2" skipped="0" failures="0" errors="0" timestamp="2026-07-13T23:02:41" hostname="parrot" time="0.067">
  <properties/>
  <testcase name="credentialsAreInheritedOnlyForSameOrigin()" classname="com.adminsec.jssecrethunter.ScannerSafetyTest" time="0.065"/>
  <testcase name="originIncludesSchemeHostAndEffectivePort()" classname="com.adminsec.jssecrethunter.ScannerSafetyTest" time="0.001"/>
  <system-out><![CDATA[]]></system-out>
  <system-err><![CDATA[]]></system-err>
</testsuite>
