<?xml version="1.0" encoding="UTF-8"?>
<testsuite name="com.adminsec.jssecrethunter.DetectionEngineTest" tests="4" skipped="0" failures="0" errors="0" timestamp="2026-07-13T23:02:38" hostname="parrot" time="2.653">
  <properties/>
  <testcase name="ignoresGenericPlaceholdersButFindsRealLookingAssignments()" classname="com.adminsec.jssecrethunter.DetectionEngineTest" time="2.369"/>
  <testcase name="detectsProviderSecretAndMasksIt()" classname="com.adminsec.jssecrethunter.DetectionEngineTest" time="0.018"/>
  <testcase name="detectsAdministrativeAndGraphqlRoutesSeparatelyFromSecrets()" classname="com.adminsec.jssecrethunter.DetectionEngineTest" time="0.035"/>
  <testcase name="scansEscapedJavaScriptStrings()" classname="com.adminsec.jssecrethunter.DetectionEngineTest" time="0.008"/>
  <system-out><![CDATA[]]></system-out>
  <system-err><![CDATA[]]></system-err>
</testsuite>
