<?xml version="1.0" encoding="UTF-8"?>
<testsuite name="com.adminsec.jssecrethunter.HunterExporterTest" tests="2" skipped="0" failures="0" errors="0" timestamp="2026-07-13T23:02:41" hostname="parrot" time="0.036">
  <properties/>
  <testcase name="redactedExportDoesNotContainRawCredential()" classname="com.adminsec.jssecrethunter.HunterExporterTest" time="0.019"/>
  <testcase name="csvProtectsSpreadsheetFormulaCells()" classname="com.adminsec.jssecrethunter.HunterExporterTest" time="0.011"/>
  <system-out><![CDATA[]]></system-out>
  <system-err><![CDATA[]]></system-err>
</testsuite>
